--------------------------------------------------------------------------
[[57757,1],0]: A high-performance Open MPI point-to-point messaging module
was unable to find any relevant network interfaces:

Module: OpenFabrics (openib)
  Host: cn8

Another transport will be used instead, although this may result in
lower performance.
--------------------------------------------------------------------------
     Test time: 3.62623
--------------------------------------------------------------------------
[[57794,1],0]: A high-performance Open MPI point-to-point messaging module
was unable to find any relevant network interfaces:

Module: OpenFabrics (openib)
  Host: cn8

Another transport will be used instead, although this may result in
lower performance.
--------------------------------------------------------------------------
     Test time: 0.724676
--------------------------------------------------------------------------
[[57848,1],8]: A high-performance Open MPI point-to-point messaging module
was unable to find any relevant network interfaces:

Module: OpenFabrics (openib)
  Host: cn8

Another transport will be used instead, although this may result in
lower performance.
--------------------------------------------------------------------------
     Test time: 0.709594
